{"D:\\BYU IDAHO\\CSE 341\\cse341-final-project-team17\\controllers\\gameController.js": {"path":"D:\\BYU IDAHO\\CSE 341\\cse341-final-project-team17\\controllers\\gameController.js","statementMap":{"0":{"start":{"line":1,"column":14},"end":{"line":1,"column":42}},"1":{"start":{"line":3,"column":23},"end":{"line":3,"column":25}},"2":{"start":{"line":5,"column":0},"end":{"line":16,"column":2}},"3":{"start":{"line":7,"column":2},"end":{"line":15,"column":1}},"4":{"start":{"line":8,"column":18},"end":{"line":8,"column":48}},"5":{"start":{"line":9,"column":4},"end":{"line":9,"column":54}},"6":{"start":{"line":10,"column":4},"end":{"line":10,"column":32}},"7":{"start":{"line":12,"column":4},"end":{"line":14,"column":7}},"8":{"start":{"line":18,"column":0},"end":{"line":31,"column":2}},"9":{"start":{"line":20,"column":17},"end":{"line":20,"column":34}},"10":{"start":{"line":22,"column":2},"end":{"line":30,"column":1}},"11":{"start":{"line":23,"column":18},"end":{"line":23,"column":58}},"12":{"start":{"line":24,"column":4},"end":{"line":24,"column":54}},"13":{"start":{"line":25,"column":4},"end":{"line":25,"column":32}},"14":{"start":{"line":27,"column":4},"end":{"line":29,"column":7}},"15":{"start":{"line":33,"column":0},"end":{"line":57,"column":2}},"16":{"start":{"line":35,"column":18},"end":{"line":43,"column":3}},"17":{"start":{"line":44,"column":2},"end":{"line":56,"column":5}},"18":{"start":{"line":45,"column":19},"end":{"line":45,"column":56}},"19":{"start":{"line":46,"column":4},"end":{"line":46,"column":20}},"20":{"start":{"line":47,"column":4},"end":{"line":47,"column":21}},"21":{"start":{"line":48,"column":4},"end":{"line":50,"column":5}},"22":{"start":{"line":49,"column":6},"end":{"line":49,"column":53}},"23":{"start":{"line":52,"column":6},"end":{"line":55,"column":9}},"24":{"start":{"line":59,"column":0},"end":{"line":82,"column":2}},"25":{"start":{"line":61,"column":17},"end":{"line":61,"column":34}},"26":{"start":{"line":62,"column":18},"end":{"line":70,"column":3}},"27":{"start":{"line":71,"column":17},"end":{"line":71,"column":32}},"28":{"start":{"line":72,"column":2},"end":{"line":81,"column":3}},"29":{"start":{"line":73,"column":19},"end":{"line":73,"column":67}},"30":{"start":{"line":74,"column":4},"end":{"line":76,"column":5}},"31":{"start":{"line":75,"column":6},"end":{"line":75,"column":35}},"32":{"start":{"line":78,"column":4},"end":{"line":80,"column":7}},"33":{"start":{"line":84,"column":0},"end":{"line":98,"column":2}},"34":{"start":{"line":86,"column":17},"end":{"line":86,"column":34}},"35":{"start":{"line":87,"column":17},"end":{"line":87,"column":32}},"36":{"start":{"line":88,"column":2},"end":{"line":97,"column":3}},"37":{"start":{"line":89,"column":19},"end":{"line":89,"column":58}},"38":{"start":{"line":90,"column":4},"end":{"line":92,"column":5}},"39":{"start":{"line":91,"column":6},"end":{"line":91,"column":35}},"40":{"start":{"line":94,"column":4},"end":{"line":96,"column":7}},"41":{"start":{"line":100,"column":0},"end":{"line":100,"column":32}}},"fnMap":{"0":{"name":"(anonymous_0)","decl":{"start":{"line":5,"column":25},"end":{"line":5,"column":26}},"loc":{"start":{"line":5,"column":45},"end":{"line":16,"column":1}},"line":5},"1":{"name":"(anonymous_1)","decl":{"start":{"line":18,"column":30},"end":{"line":18,"column":31}},"loc":{"start":{"line":18,"column":50},"end":{"line":31,"column":1}},"line":18},"2":{"name":"(anonymous_2)","decl":{"start":{"line":33,"column":25},"end":{"line":33,"column":26}},"loc":{"start":{"line":33,"column":45},"end":{"line":57,"column":1}},"line":33},"3":{"name":"(anonymous_3)","decl":{"start":{"line":59,"column":28},"end":{"line":59,"column":29}},"loc":{"start":{"line":59,"column":48},"end":{"line":82,"column":1}},"line":59},"4":{"name":"(anonymous_4)","decl":{"start":{"line":84,"column":28},"end":{"line":84,"column":29}},"loc":{"start":{"line":84,"column":48},"end":{"line":98,"column":1}},"line":84}},"branchMap":{"0":{"loc":{"start":{"line":48,"column":4},"end":{"line":50,"column":5}},"type":"if","locations":[{"start":{"line":48,"column":4},"end":{"line":50,"column":5}},{"start":{},"end":{}}],"line":48},"1":{"loc":{"start":{"line":74,"column":4},"end":{"line":76,"column":5}},"type":"if","locations":[{"start":{"line":74,"column":4},"end":{"line":76,"column":5}},{"start":{},"end":{}}],"line":74},"2":{"loc":{"start":{"line":90,"column":4},"end":{"line":92,"column":5}},"type":"if","locations":[{"start":{"line":90,"column":4},"end":{"line":92,"column":5}},{"start":{},"end":{}}],"line":90}},"s":{"0":1,"1":1,"2":1,"3":2,"4":2,"5":1,"6":1,"7":1,"8":1,"9":2,"10":2,"11":2,"12":1,"13":1,"14":1,"15":1,"16":2,"17":2,"18":2,"19":2,"20":2,"21":2,"22":1,"23":1,"24":1,"25":2,"26":2,"27":2,"28":2,"29":2,"30":1,"31":1,"32":1,"33":1,"34":2,"35":2,"36":2,"37":2,"38":1,"39":1,"40":1,"41":1},"f":{"0":2,"1":2,"2":2,"3":2,"4":2},"b":{"0":[1,1],"1":[1,0],"2":[1,0]},"_coverageSchema":"1a1c01bbd47fc00a2c39e90264f33305004495a9","hash":"6d3a6fca49d788d996594d20fa2a4a208df4ccef"}
,"D:\\BYU IDAHO\\CSE 341\\cse341-final-project-team17\\controllers\\publishersController.js": {"path":"D:\\BYU IDAHO\\CSE 341\\cse341-final-project-team17\\controllers\\publishersController.js","statementMap":{"0":{"start":{"line":1,"column":14},"end":{"line":1,"column":42}},"1":{"start":{"line":3,"column":29},"end":{"line":3,"column":31}},"2":{"start":{"line":5,"column":0},"end":{"line":17,"column":2}},"3":{"start":{"line":7,"column":2},"end":{"line":16,"column":3}},"4":{"start":{"line":8,"column":23},"end":{"line":8,"column":58}},"5":{"start":{"line":9,"column":4},"end":{"line":9,"column":54}},"6":{"start":{"line":10,"column":4},"end":{"line":10,"column":37}},"7":{"start":{"line":12,"column":4},"end":{"line":15,"column":7}},"8":{"start":{"line":19,"column":0},"end":{"line":40,"column":2}},"9":{"start":{"line":21,"column":23},"end":{"line":27,"column":3}},"10":{"start":{"line":28,"column":2},"end":{"line":39,"column":7}},"11":{"start":{"line":31,"column":6},"end":{"line":31,"column":35}},"12":{"start":{"line":34,"column":6},"end":{"line":34,"column":25}},"13":{"start":{"line":35,"column":6},"end":{"line":38,"column":9}},"14":{"start":{"line":42,"column":0},"end":{"line":55,"column":2}},"15":{"start":{"line":44,"column":22},"end":{"line":44,"column":35}},"16":{"start":{"line":45,"column":2},"end":{"line":54,"column":3}},"17":{"start":{"line":46,"column":23},"end":{"line":46,"column":71}},"18":{"start":{"line":47,"column":4},"end":{"line":47,"column":54}},"19":{"start":{"line":48,"column":4},"end":{"line":48,"column":37}},"20":{"start":{"line":50,"column":4},"end":{"line":53,"column":7}},"21":{"start":{"line":57,"column":0},"end":{"line":82,"column":2}},"22":{"start":{"line":59,"column":22},"end":{"line":59,"column":35}},"23":{"start":{"line":61,"column":18},"end":{"line":67,"column":3}},"24":{"start":{"line":69,"column":17},"end":{"line":69,"column":37}},"25":{"start":{"line":71,"column":2},"end":{"line":81,"column":7}},"26":{"start":{"line":74,"column":6},"end":{"line":74,"column":35}},"27":{"start":{"line":77,"column":6},"end":{"line":80,"column":9}},"28":{"start":{"line":84,"column":0},"end":{"line":97,"column":2}},"29":{"start":{"line":86,"column":24},"end":{"line":86,"column":39}},"30":{"start":{"line":87,"column":2},"end":{"line":96,"column":3}},"31":{"start":{"line":88,"column":23},"end":{"line":88,"column":72}},"32":{"start":{"line":89,"column":4},"end":{"line":89,"column":54}},"33":{"start":{"line":90,"column":4},"end":{"line":90,"column":37}},"34":{"start":{"line":92,"column":4},"end":{"line":95,"column":7}},"35":{"start":{"line":99,"column":0},"end":{"line":114,"column":2}},"36":{"start":{"line":101,"column":22},"end":{"line":101,"column":35}},"37":{"start":{"line":102,"column":17},"end":{"line":102,"column":37}},"38":{"start":{"line":103,"column":2},"end":{"line":113,"column":7}},"39":{"start":{"line":106,"column":6},"end":{"line":106,"column":35}},"40":{"start":{"line":109,"column":6},"end":{"line":112,"column":9}},"41":{"start":{"line":116,"column":0},"end":{"line":116,"column":38}}},"fnMap":{"0":{"name":"(anonymous_0)","decl":{"start":{"line":5,"column":40},"end":{"line":5,"column":41}},"loc":{"start":{"line":5,"column":60},"end":{"line":17,"column":1}},"line":5},"1":{"name":"(anonymous_1)","decl":{"start":{"line":19,"column":39},"end":{"line":19,"column":40}},"loc":{"start":{"line":19,"column":59},"end":{"line":40,"column":1}},"line":19},"2":{"name":"(anonymous_2)","decl":{"start":{"line":30,"column":10},"end":{"line":30,"column":11}},"loc":{"start":{"line":30,"column":22},"end":{"line":32,"column":5}},"line":30},"3":{"name":"(anonymous_3)","decl":{"start":{"line":33,"column":11},"end":{"line":33,"column":12}},"loc":{"start":{"line":33,"column":28},"end":{"line":39,"column":5}},"line":33},"4":{"name":"(anonymous_4)","decl":{"start":{"line":42,"column":40},"end":{"line":42,"column":41}},"loc":{"start":{"line":42,"column":60},"end":{"line":55,"column":1}},"line":42},"5":{"name":"(anonymous_5)","decl":{"start":{"line":57,"column":39},"end":{"line":57,"column":40}},"loc":{"start":{"line":57,"column":59},"end":{"line":82,"column":1}},"line":57},"6":{"name":"(anonymous_6)","decl":{"start":{"line":73,"column":10},"end":{"line":73,"column":11}},"loc":{"start":{"line":73,"column":22},"end":{"line":75,"column":5}},"line":73},"7":{"name":"(anonymous_7)","decl":{"start":{"line":76,"column":11},"end":{"line":76,"column":12}},"loc":{"start":{"line":76,"column":23},"end":{"line":81,"column":5}},"line":76},"8":{"name":"(anonymous_8)","decl":{"start":{"line":84,"column":42},"end":{"line":84,"column":43}},"loc":{"start":{"line":84,"column":62},"end":{"line":97,"column":1}},"line":84},"9":{"name":"(anonymous_9)","decl":{"start":{"line":99,"column":39},"end":{"line":99,"column":40}},"loc":{"start":{"line":99,"column":59},"end":{"line":114,"column":1}},"line":99},"10":{"name":"(anonymous_10)","decl":{"start":{"line":105,"column":10},"end":{"line":105,"column":11}},"loc":{"start":{"line":105,"column":22},"end":{"line":107,"column":5}},"line":105},"11":{"name":"(anonymous_11)","decl":{"start":{"line":108,"column":11},"end":{"line":108,"column":12}},"loc":{"start":{"line":108,"column":23},"end":{"line":113,"column":5}},"line":108}},"branchMap":{},"s":{"0":1,"1":1,"2":1,"3":2,"4":2,"5":1,"6":1,"7":1,"8":1,"9":0,"10":0,"11":0,"12":0,"13":0,"14":1,"15":4,"16":4,"17":4,"18":2,"19":2,"20":2,"21":1,"22":0,"23":0,"24":0,"25":0,"26":0,"27":0,"28":1,"29":0,"30":0,"31":0,"32":0,"33":0,"34":0,"35":1,"36":0,"37":0,"38":0,"39":0,"40":0,"41":1},"f":{"0":2,"1":0,"2":0,"3":0,"4":4,"5":0,"6":0,"7":0,"8":0,"9":0,"10":0,"11":0},"b":{},"_coverageSchema":"1a1c01bbd47fc00a2c39e90264f33305004495a9","hash":"57250b7d0165118c5977e4c27c2f390cbe64dc9f"}
,"D:\\BYU IDAHO\\CSE 341\\cse341-final-project-team17\\model\\mongoose.js": {"path":"D:\\BYU IDAHO\\CSE 341\\cse341-final-project-team17\\model\\mongoose.js","statementMap":{"0":{"start":{"line":1,"column":17},"end":{"line":1,"column":36}},"1":{"start":{"line":2,"column":15},"end":{"line":2,"column":32}},"2":{"start":{"line":3,"column":0},"end":{"line":3,"column":16}},"3":{"start":{"line":5,"column":15},"end":{"line":5,"column":17}},"4":{"start":{"line":7,"column":0},"end":{"line":7,"column":45}},"5":{"start":{"line":9,"column":19},"end":{"line":17,"column":2}},"6":{"start":{"line":19,"column":24},"end":{"line":25,"column":2}},"7":{"start":{"line":27,"column":24},"end":{"line":33,"column":2}},"8":{"start":{"line":35,"column":21},"end":{"line":43,"column":2}},"9":{"start":{"line":45,"column":0},"end":{"line":45,"column":61}},"10":{"start":{"line":47,"column":0},"end":{"line":47,"column":70}},"11":{"start":{"line":49,"column":0},"end":{"line":49,"column":70}},"12":{"start":{"line":51,"column":0},"end":{"line":51,"column":55}},"13":{"start":{"line":53,"column":0},"end":{"line":53,"column":24}}},"fnMap":{},"branchMap":{},"s":{"0":2,"1":2,"2":2,"3":2,"4":2,"5":2,"6":2,"7":2,"8":2,"9":2,"10":2,"11":2,"12":2,"13":2},"f":{},"b":{},"_coverageSchema":"1a1c01bbd47fc00a2c39e90264f33305004495a9","hash":"c31e01ab61a51f8f29299a3aa41912930a156132"}
,"D:\\BYU IDAHO\\CSE 341\\cse341-final-project-team17\\testUtilities\\publisherTestResponse.js": {"path":"D:\\BYU IDAHO\\CSE 341\\cse341-final-project-team17\\testUtilities\\publisherTestResponse.js","statementMap":{"0":{"start":{"line":3,"column":4},"end":{"line":3,"column":24}},"1":{"start":{"line":4,"column":4},"end":{"line":4,"column":21}},"2":{"start":{"line":5,"column":4},"end":{"line":5,"column":22}},"3":{"start":{"line":9,"column":4},"end":{"line":9,"column":27}},"4":{"start":{"line":10,"column":4},"end":{"line":10,"column":16}},"5":{"start":{"line":14,"column":4},"end":{"line":14,"column":21}},"6":{"start":{"line":15,"column":4},"end":{"line":15,"column":16}},"7":{"start":{"line":19,"column":4},"end":{"line":19,"column":30}},"8":{"start":{"line":23,"column":0},"end":{"line":23,"column":30}}},"fnMap":{"0":{"name":"(anonymous_0)","decl":{"start":{"line":2,"column":2},"end":{"line":2,"column":3}},"loc":{"start":{"line":2,"column":16},"end":{"line":6,"column":3}},"line":2},"1":{"name":"(anonymous_1)","decl":{"start":{"line":8,"column":2},"end":{"line":8,"column":3}},"loc":{"start":{"line":8,"column":15},"end":{"line":11,"column":3}},"line":8},"2":{"name":"(anonymous_2)","decl":{"start":{"line":13,"column":2},"end":{"line":13,"column":3}},"loc":{"start":{"line":13,"column":13},"end":{"line":16,"column":3}},"line":13},"3":{"name":"(anonymous_3)","decl":{"start":{"line":18,"column":2},"end":{"line":18,"column":3}},"loc":{"start":{"line":18,"column":24},"end":{"line":20,"column":3}},"line":18}},"branchMap":{},"s":{"0":6,"1":6,"2":6,"3":6,"4":6,"5":6,"6":6,"7":3,"8":1},"f":{"0":6,"1":6,"2":6,"3":3},"b":{},"_coverageSchema":"1a1c01bbd47fc00a2c39e90264f33305004495a9","hash":"e564777960cd8d0851fb493d38019a04d68cf266"}
,"D:\\BYU IDAHO\\CSE 341\\cse341-final-project-team17\\testUtilities\\testResponse.js": {"path":"D:\\BYU IDAHO\\CSE 341\\cse341-final-project-team17\\testUtilities\\testResponse.js","statementMap":{"0":{"start":{"line":1,"column":0},"end":{"line":23,"column":2}},"1":{"start":{"line":2,"column":17},"end":{"line":2,"column":18}},"2":{"start":{"line":3,"column":11},"end":{"line":3,"column":13}},"3":{"start":{"line":4,"column":14},"end":{"line":4,"column":16}},"4":{"start":{"line":8,"column":8},"end":{"line":8,"column":31}},"5":{"start":{"line":9,"column":8},"end":{"line":9,"column":20}},"6":{"start":{"line":13,"column":8},"end":{"line":13,"column":25}},"7":{"start":{"line":17,"column":8},"end":{"line":17,"column":25}},"8":{"start":{"line":21,"column":8},"end":{"line":21,"column":35}}},"fnMap":{"0":{"name":"(anonymous_0)","decl":{"start":{"line":7,"column":4},"end":{"line":7,"column":5}},"loc":{"start":{"line":7,"column":17},"end":{"line":10,"column":5}},"line":7},"1":{"name":"(anonymous_1)","decl":{"start":{"line":12,"column":4},"end":{"line":12,"column":5}},"loc":{"start":{"line":12,"column":15},"end":{"line":14,"column":5}},"line":12},"2":{"name":"(anonymous_2)","decl":{"start":{"line":16,"column":4},"end":{"line":16,"column":5}},"loc":{"start":{"line":16,"column":15},"end":{"line":18,"column":5}},"line":16},"3":{"name":"(anonymous_3)","decl":{"start":{"line":20,"column":4},"end":{"line":20,"column":5}},"loc":{"start":{"line":20,"column":27},"end":{"line":22,"column":5}},"line":20}},"branchMap":{},"s":{"0":1,"1":10,"2":10,"3":10,"4":11,"5":11,"6":0,"7":11,"8":2},"f":{"0":11,"1":0,"2":11,"3":2},"b":{},"_coverageSchema":"1a1c01bbd47fc00a2c39e90264f33305004495a9","hash":"8c471bef9875ada30fc9a67edcccfc47fadd3793"}
}
