TN:
SF:controllers\gameController.js
FN:5,(anonymous_0)
FN:18,(anonymous_1)
FN:33,(anonymous_2)
FN:59,(anonymous_3)
FN:84,(anonymous_4)
FNF:5
FNH:5
FNDA:2,(anonymous_0)
FNDA:2,(anonymous_1)
FNDA:2,(anonymous_2)
FNDA:2,(anonymous_3)
FNDA:2,(anonymous_4)
DA:1,1
DA:3,1
DA:5,1
DA:7,2
DA:8,2
DA:9,1
DA:10,1
DA:12,1
DA:18,1
DA:20,2
DA:22,2
DA:23,2
DA:24,1
DA:25,1
DA:27,1
DA:33,1
DA:35,2
DA:44,2
DA:45,2
DA:46,2
DA:47,2
DA:48,2
DA:49,1
DA:52,1
DA:59,1
DA:61,2
DA:62,2
DA:71,2
DA:72,2
DA:73,2
DA:74,1
DA:75,1
DA:78,1
DA:84,1
DA:86,2
DA:87,2
DA:88,2
DA:89,2
DA:90,1
DA:91,1
DA:94,1
DA:100,1
LF:42
LH:42
BRDA:48,0,0,1
BRDA:48,0,1,1
BRDA:74,1,0,1
BRDA:74,1,1,0
BRDA:90,2,0,1
BRDA:90,2,1,0
BRF:6
BRH:4
end_of_record
TN:
SF:controllers\publishersController.js
FN:5,(anonymous_0)
FN:19,(anonymous_1)
FN:30,(anonymous_2)
FN:33,(anonymous_3)
FN:42,(anonymous_4)
FN:57,(anonymous_5)
FN:73,(anonymous_6)
FN:76,(anonymous_7)
FN:84,(anonymous_8)
FN:99,(anonymous_9)
FN:105,(anonymous_10)
FN:108,(anonymous_11)
FNF:12
FNH:2
FNDA:2,(anonymous_0)
FNDA:0,(anonymous_1)
FNDA:0,(anonymous_2)
FNDA:0,(anonymous_3)
FNDA:4,(anonymous_4)
FNDA:0,(anonymous_5)
FNDA:0,(anonymous_6)
FNDA:0,(anonymous_7)
FNDA:0,(anonymous_8)
FNDA:0,(anonymous_9)
FNDA:0,(anonymous_10)
FNDA:0,(anonymous_11)
DA:1,1
DA:3,1
DA:5,1
DA:7,2
DA:8,2
DA:9,1
DA:10,1
DA:12,1
DA:19,1
DA:21,0
DA:28,0
DA:31,0
DA:34,0
DA:35,0
DA:42,1
DA:44,4
DA:45,4
DA:46,4
DA:47,2
DA:48,2
DA:50,2
DA:57,1
DA:59,0
DA:61,0
DA:69,0
DA:71,0
DA:74,0
DA:77,0
DA:84,1
DA:86,0
DA:87,0
DA:88,0
DA:89,0
DA:90,0
DA:92,0
DA:99,1
DA:101,0
DA:102,0
DA:103,0
DA:106,0
DA:109,0
DA:116,1
LF:42
LH:20
BRF:0
BRH:0
end_of_record
TN:
SF:model\mongoose.js
FNF:0
FNH:0
DA:1,2
DA:2,2
DA:3,2
DA:5,2
DA:7,2
DA:9,2
DA:19,2
DA:27,2
DA:35,2
DA:45,2
DA:47,2
DA:49,2
DA:51,2
DA:53,2
LF:14
LH:14
BRF:0
BRH:0
end_of_record
TN:
SF:testUtilities\publisherTestResponse.js
FN:2,(anonymous_0)
FN:8,(anonymous_1)
FN:13,(anonymous_2)
FN:18,(anonymous_3)
FNF:4
FNH:4
FNDA:6,(anonymous_0)
FNDA:6,(anonymous_1)
FNDA:6,(anonymous_2)
FNDA:3,(anonymous_3)
DA:3,6
DA:4,6
DA:5,6
DA:9,6
DA:10,6
DA:14,6
DA:15,6
DA:19,3
DA:23,1
LF:9
LH:9
BRF:0
BRH:0
end_of_record
TN:
SF:testUtilities\testResponse.js
FN:7,(anonymous_0)
FN:12,(anonymous_1)
FN:16,(anonymous_2)
FN:20,(anonymous_3)
FNF:4
FNH:3
FNDA:11,(anonymous_0)
FNDA:0,(anonymous_1)
FNDA:11,(anonymous_2)
FNDA:2,(anonymous_3)
DA:1,1
DA:2,10
DA:3,10
DA:4,10
DA:8,11
DA:9,11
DA:13,0
DA:17,11
DA:21,2
LF:9
LH:8
BRF:0
BRH:0
end_of_record
