TN:
SF:controllers\gameController.js
FN:5,(anonymous_0)
FN:18,(anonymous_1)
FN:33,(anonymous_2)
FN:59,(anonymous_3)
FN:84,(anonymous_4)
FNF:5
FNH:5
FNDA:2,(anonymous_0)
FNDA:2,(anonymous_1)
FNDA:2,(anonymous_2)
FNDA:2,(anonymous_3)
FNDA:2,(anonymous_4)
DA:1,1
DA:3,1
DA:5,1
DA:7,2
DA:8,2
DA:9,1
DA:10,1
DA:12,1
DA:18,1
DA:20,2
DA:22,2
DA:23,2
DA:24,1
DA:25,1
DA:27,1
DA:33,1
DA:35,2
DA:44,2
DA:45,2
DA:46,2
DA:47,2
DA:48,2
DA:49,1
DA:52,1
DA:59,1
DA:61,2
DA:62,2
DA:71,2
DA:72,2
DA:73,2
DA:74,1
DA:75,1
DA:78,1
DA:84,1
DA:86,2
DA:87,2
DA:88,2
DA:89,2
DA:90,1
DA:91,1
DA:94,1
DA:100,1
LF:42
LH:42
BRDA:48,0,0,1
BRDA:48,0,1,1
BRDA:74,1,0,1
BRDA:74,1,1,0
BRDA:90,2,0,1
BRDA:90,2,1,0
BRF:6
BRH:4
end_of_record
TN:
SF:model\mongoose.js
FNF:0
FNH:0
DA:1,1
DA:2,1
DA:3,1
DA:5,1
DA:7,1
DA:9,1
DA:19,1
DA:27,1
DA:35,1
DA:45,1
DA:47,1
DA:49,1
DA:51,1
DA:53,1
LF:14
LH:14
BRF:0
BRH:0
end_of_record
TN:
SF:testUtilities\testResponse.js
FN:7,(anonymous_0)
FN:12,(anonymous_1)
FN:16,(anonymous_2)
FN:20,(anonymous_3)
FNF:4
FNH:3
FNDA:11,(anonymous_0)
FNDA:0,(anonymous_1)
FNDA:11,(anonymous_2)
FNDA:2,(anonymous_3)
DA:1,1
DA:2,10
DA:3,10
DA:4,10
DA:8,11
DA:9,11
DA:13,0
DA:17,11
DA:21,2
LF:9
LH:8
BRF:0
BRH:0
end_of_record
